<?xml version="1.0" encoding="UTF-8"?>
<!-- Generated by org.testng.reporters.JUnitReportReporter -->
<testsuite skipped="0" hostname="2016-20170509XS" name="testcase.LoginTestCase" tests="1" failures="0" timestamp="02 八月 2017 07:41:17 GMT" time="14.765" errors="0">
  <testcase name="login" time="14.765" classname="testcase.LoginTestCase"/>
</testsuite> <!-- testcase.LoginTestCase -->
