<?xml version="1.0" encoding="UTF-8"?>
<!-- Generated by org.testng.reporters.JUnitReportReporter -->
<testsuite hostname="test" name="com.oribo.android365.automationtest.personcenter.personinfo.MyHub" tests="1" failures="0" timestamp="25 Oct 2016 08:58:26 GMT" time="20.038" errors="0">
  <testcase name="test" time="20.038" classname="com.oribo.android365.automationtest.personcenter.personinfo.MyHub"/>
</testsuite> <!-- com.oribo.android365.automationtest.personcenter.personinfo.MyHub -->
