<?xml version="1.0" encoding="UTF-8"?>
<!-- Generated by org.testng.reporters.JUnitReportReporter -->
<testsuite hostname="test" name="com.oribo.android365.automationtest.launch.NoLogin" tests="1" failures="0" timestamp="8 Feb 2017 06:47:24 GMT" time="19.115" errors="0">
  <testcase name="uiCheck" time="19.115" classname="com.oribo.android365.automationtest.launch.NoLogin"/>
</testsuite> <!-- com.oribo.android365.automationtest.launch.NoLogin -->
