<?xml version="1.0" encoding="UTF-8"?>
<!-- Generated by org.testng.reporters.JUnitReportReporter -->
<testsuite name="com.oribo.android365.testcase.MyHost" tests="3" time="156.033" ignored="8" failures="1" timestamp="16 二月 2017 06:53:55 GMT" skipped="2" hostname="test" errors="0">
  <testcase name="DeleteHost" time="52.559" classname="com.oribo.android365.testcase.MyHost">
    <failure type="java.lang.AssertionError" message="等待10S后删除主机失败 expected [false] but found [true]">
      <![CDATA[java.lang.AssertionError: 等待10S后删除主机失败 expected [false] but found [true]
	at org.testng.Assert.fail(Assert.java:94)
	at org.testng.Assert.failNotEquals(Assert.java:513)
	at org.testng.Assert.assertFalse(Assert.java:63)
	at com.oribo.android365.testcase.MyHost.DeleteHost(MyHost.java:208)
	at sun.reflect.NativeMethodAccessorImpl.invoke0(Native Method)
	at sun.reflect.NativeMethodAccessorImpl.invoke(Unknown Source)
	at sun.reflect.DelegatingMethodAccessorImpl.invoke(Unknown Source)
	at java.lang.reflect.Method.invoke(Unknown Source)
	at org.testng.internal.MethodInvocationHelper.invokeMethod(MethodInvocationHelper.java:104)
	at org.testng.internal.Invoker.invokeMethod(Invoker.java:645)
	at org.testng.internal.Invoker.retryFailed(Invoker.java:998)
	at org.testng.internal.Invoker.invokeTestMethods(Invoker.java:1200)
	at org.testng.internal.TestMethodWorker.invokeTestMethods(TestMethodWorker.java:129)
	at org.testng.internal.TestMethodWorker.run(TestMethodWorker.java:112)
	at org.testng.TestRunner.privateRun(TestRunner.java:756)
	at org.testng.TestRunner.run(TestRunner.java:610)
	at org.testng.SuiteRunner.runTest(SuiteRunner.java:387)
	at org.testng.SuiteRunner.runSequentially(SuiteRunner.java:382)
	at org.testng.SuiteRunner.privateRun(SuiteRunner.java:340)
	at org.testng.SuiteRunner.run(SuiteRunner.java:289)
	at org.testng.SuiteRunnerWorker.runSuite(SuiteRunnerWorker.java:52)
	at org.testng.SuiteRunnerWorker.run(SuiteRunnerWorker.java:86)
	at org.testng.TestNG.runSuitesSequentially(TestNG.java:1293)
	at org.testng.TestNG.runSuitesLocally(TestNG.java:1218)
	at org.testng.TestNG.runSuites(TestNG.java:1133)
	at org.testng.TestNG.run(TestNG.java:1104)
	at org.testng.remote.AbstractRemoteTestNG.run(AbstractRemoteTestNG.java:132)
	at org.testng.remote.RemoteTestNG.initAndRun(RemoteTestNG.java:236)
	at org.testng.remote.RemoteTestNG.main(RemoteTestNG.java:81)
]]>
    </failure>
  </testcase> <!-- DeleteHost -->
  <testcase name="DeleteHost" time="50.496" classname="com.oribo.android365.testcase.MyHost">
    <skipped/>
  </testcase> <!-- DeleteHost -->
  <testcase name="DeleteHost" time="52.978" classname="com.oribo.android365.testcase.MyHost">
    <skipped/>
  </testcase> <!-- DeleteHost -->
  <testcase name="CheckMyHub" classname="com.oribo.android365.testcase.MyHost">
    <skipped/>
  </testcase> <!-- CheckMyHub -->
  <testcase name="CheckDeleteHost" classname="com.oribo.android365.testcase.MyHost">
    <skipped/>
  </testcase> <!-- CheckDeleteHost -->
  <testcase name="CheckMyHubMac" classname="com.oribo.android365.testcase.MyHost">
    <skipped/>
  </testcase> <!-- CheckMyHubMac -->
  <testcase name="ClickMore" classname="com.oribo.android365.testcase.MyHost">
    <skipped/>
  </testcase> <!-- ClickMore -->
  <testcase name="CancelDeleteHostNotice" classname="com.oribo.android365.testcase.MyHost">
    <skipped/>
  </testcase> <!-- CancelDeleteHostNotice -->
  <testcase name="CheckMyHubBack" classname="com.oribo.android365.testcase.MyHost">
    <skipped/>
  </testcase> <!-- CheckMyHubBack -->
  <testcase name="CheckMyHubFirmwareVersion" classname="com.oribo.android365.testcase.MyHost">
    <skipped/>
  </testcase> <!-- CheckMyHubFirmwareVersion -->
  <testcase name="CheckMyHubIpAddress" classname="com.oribo.android365.testcase.MyHost">
    <skipped/>
  </testcase> <!-- CheckMyHubIpAddress -->
</testsuite> <!-- com.oribo.android365.testcase.MyHost -->
