<?xml version="1.0" encoding="UTF-8"?>
<!-- Generated by org.testng.reporters.JUnitReportReporter -->
<testsuite skipped="0" hostname="2016-20170509XS" name="com.icarbonx.testcase.Initializtion" tests="1" failures="0" timestamp="11 七月 2017 07:11:30 GMT" time="0.371" errors="0">
  <testcase name="defaltHomePage" time="0.371" classname="com.icarbonx.testcase.Initializtion"/>
</testsuite> <!-- com.icarbonx.testcase.Initializtion -->
