<?xml version="1.0" encoding="UTF-8"?>
<!-- Generated by org.testng.reporters.JUnitReportReporter -->
<testsuite name="com.oribo.android365.testcase.HomeManage" tests="4" time="240.989" ignored="42" failures="1" timestamp="20 三月 2017 08:17:49 GMT" skipped="2" hostname="test" errors="0">
  <testcase name="deletelink" time="68.324" classname="com.oribo.android365.testcase.HomeManage">
    <skipped/>
  </testcase> <!-- deletelink -->
  <testcase name="deletelink" time="62.954" classname="com.oribo.android365.testcase.HomeManage">
    <failure type="java.lang.AssertionError" message="expected [true] but found [false]">
      <![CDATA[java.lang.AssertionError: expected [true] but found [false]
	at org.testng.Assert.fail(Assert.java:94)
	at org.testng.Assert.failNotEquals(Assert.java:513)
	at org.testng.Assert.assertTrue(Assert.java:42)
	at org.testng.Assert.assertTrue(Assert.java:52)
	at com.oribo.android365.testcase.HomeManage.deletelink(HomeManage.java:1242)
	at sun.reflect.NativeMethodAccessorImpl.invoke0(Native Method)
	at sun.reflect.NativeMethodAccessorImpl.invoke(Unknown Source)
	at sun.reflect.DelegatingMethodAccessorImpl.invoke(Unknown Source)
	at java.lang.reflect.Method.invoke(Unknown Source)
	at org.testng.internal.MethodInvocationHelper.invokeMethod(MethodInvocationHelper.java:104)
	at org.testng.internal.Invoker.invokeMethod(Invoker.java:645)
	at org.testng.internal.Invoker.retryFailed(Invoker.java:998)
	at org.testng.internal.Invoker.invokeTestMethods(Invoker.java:1200)
	at org.testng.internal.TestMethodWorker.invokeTestMethods(TestMethodWorker.java:129)
	at org.testng.internal.TestMethodWorker.run(TestMethodWorker.java:112)
	at org.testng.TestRunner.privateRun(TestRunner.java:756)
	at org.testng.TestRunner.run(TestRunner.java:610)
	at org.testng.SuiteRunner.runTest(SuiteRunner.java:387)
	at org.testng.SuiteRunner.runSequentially(SuiteRunner.java:382)
	at org.testng.SuiteRunner.privateRun(SuiteRunner.java:340)
	at org.testng.SuiteRunner.run(SuiteRunner.java:289)
	at org.testng.SuiteRunnerWorker.runSuite(SuiteRunnerWorker.java:52)
	at org.testng.SuiteRunnerWorker.run(SuiteRunnerWorker.java:86)
	at org.testng.TestNG.runSuitesSequentially(TestNG.java:1293)
	at org.testng.TestNG.runSuitesLocally(TestNG.java:1218)
	at org.testng.TestNG.runSuites(TestNG.java:1133)
	at org.testng.TestNG.run(TestNG.java:1104)
	at org.testng.remote.AbstractRemoteTestNG.run(AbstractRemoteTestNG.java:132)
	at org.testng.remote.RemoteTestNG.initAndRun(RemoteTestNG.java:236)
	at org.testng.remote.RemoteTestNG.main(RemoteTestNG.java:81)
]]>
    </failure>
  </testcase> <!-- deletelink -->
  <testcase name="deletelink" time="63.384" classname="com.oribo.android365.testcase.HomeManage">
    <skipped/>
  </testcase> <!-- deletelink -->
  <testcase name="addroom" time="46.327" classname="com.oribo.android365.testcase.HomeManage"/>
  <testcase name="delectscene" classname="com.oribo.android365.testcase.HomeManage">
    <skipped/>
  </testcase> <!-- delectscene -->
  <testcase name="addscene" classname="com.oribo.android365.testcase.HomeManage">
    <skipped/>
  </testcase> <!-- addscene -->
  <testcase name="remindersettings" classname="com.oribo.android365.testcase.HomeManage">
    <skipped/>
  </testcase> <!-- remindersettings -->
  <testcase name="getAdvInfo" classname="com.oribo.android365.testcase.HomeManage">
    <skipped/>
  </testcase> <!-- getAdvInfo -->
  <testcase name="checkdefault" classname="com.oribo.android365.testcase.HomeManage">
    <skipped/>
  </testcase> <!-- checkdefault -->
  <testcase name="editscene" classname="com.oribo.android365.testcase.HomeManage">
    <skipped/>
  </testcase> <!-- editscene -->
  <testcase name="checklinkage" classname="com.oribo.android365.testcase.HomeManage">
    <skipped/>
  </testcase> <!-- checklinkage -->
  <testcase name="checkscene" classname="com.oribo.android365.testcase.HomeManage">
    <skipped/>
  </testcase> <!-- checkscene -->
  <testcase name="dragfloor" classname="com.oribo.android365.testcase.HomeManage">
    <skipped/>
  </testcase> <!-- dragfloor -->
  <testcase name="editlinkage" classname="com.oribo.android365.testcase.HomeManage">
    <skipped/>
  </testcase> <!-- editlinkage -->
  <testcase name="checkfamilynumber" classname="com.oribo.android365.testcase.HomeManage">
    <skipped/>
  </testcase> <!-- checkfamilynumber -->
  <testcase name="edithome" classname="com.oribo.android365.testcase.HomeManage">
    <skipped/>
  </testcase> <!-- edithome -->
  <testcase name="addlink" classname="com.oribo.android365.testcase.HomeManage">
    <skipped/>
  </testcase> <!-- addlink -->
  <testcase name="memberoffamily" classname="com.oribo.android365.testcase.HomeManage">
    <skipped/>
  </testcase> <!-- memberoffamily -->
  <testcase name="delectroom" classname="com.oribo.android365.testcase.HomeManage">
    <skipped/>
  </testcase> <!-- delectroom -->
  <testcase name="myhost" classname="com.oribo.android365.testcase.HomeManage">
    <skipped/>
  </testcase> <!-- myhost -->
  <testcase name="sort" classname="com.oribo.android365.testcase.HomeManage">
    <skipped/>
  </testcase> <!-- sort -->
  <testcase name="ClickMore" classname="com.oribo.android365.testcase.HomeManage">
    <skipped/>
  </testcase> <!-- ClickMore -->
  <testcase name="CheckMyHub" classname="com.oribo.android365.testcase.HomeManage">
    <skipped/>
  </testcase> <!-- CheckMyHub -->
  <testcase name="familydetails" classname="com.oribo.android365.testcase.HomeManage">
    <skipped/>
  </testcase> <!-- familydetails -->
  <testcase name="delectfloor" classname="com.oribo.android365.testcase.HomeManage">
    <skipped/>
  </testcase> <!-- delectfloor -->
  <testcase name="addhome" classname="com.oribo.android365.testcase.HomeManage">
    <skipped/>
  </testcase> <!-- addhome -->
  <testcase name="addfloor" classname="com.oribo.android365.testcase.HomeManage">
    <skipped/>
  </testcase> <!-- addfloor -->
  <testcase name="defaultroom" classname="com.oribo.android365.testcase.HomeManage">
    <skipped/>
  </testcase> <!-- defaultroom -->
  <testcase name="weibologging" classname="com.oribo.android365.testcase.SignIn">
    <skipped/>
  </testcase> <!-- weibologging -->
  <testcase name="checkother" classname="com.oribo.android365.testcase.SignIn">
    <skipped/>
  </testcase> <!-- checkother -->
  <testcase name="b_logff" classname="com.oribo.android365.testcase.SignIn">
    <skipped/>
  </testcase> <!-- b_logff -->
  <testcase name="nickmaxchina" classname="com.oribo.android365.testcase.Personcenter">
    <skipped/>
  </testcase> <!-- nickmaxchina -->
  <testcase name="forgetpassword" classname="com.oribo.android365.testcase.Personcenter">
    <skipped/>
  </testcase> <!-- forgetpassword -->
  <testcase name="checkaccount" classname="com.oribo.android365.testcase.Personcenter">
    <skipped/>
  </testcase> <!-- checkaccount -->
  <testcase name="setphotobyalbum" classname="com.oribo.android365.testcase.Personcenter">
    <skipped/>
  </testcase> <!-- setphotobyalbum -->
  <testcase name="authorization" classname="com.oribo.android365.testcase.Personcenter">
    <skipped/>
  </testcase> <!-- authorization -->
  <testcase name="bindinputcheck" classname="com.oribo.android365.testcase.Personcenter">
    <skipped/>
  </testcase> <!-- bindinputcheck -->
  <testcase name="checkdefaultphoto" classname="com.oribo.android365.testcase.Personcenter">
    <skipped/>
  </testcase> <!-- checkdefaultphoto -->
  <testcase name="checkbind" classname="com.oribo.android365.testcase.Personcenter">
    <skipped/>
  </testcase> <!-- checkbind -->
  <testcase name="about" classname="com.oribo.android365.testcase.Personcenter">
    <skipped/>
  </testcase> <!-- about -->
  <testcase name="Unboundauthorization" classname="com.oribo.android365.testcase.Personcenter">
    <skipped/>
  </testcase> <!-- Unboundauthorization -->
  <testcase name="nickNull" classname="com.oribo.android365.testcase.Personcenter">
    <skipped/>
  </testcase> <!-- nickNull -->
  <testcase name="modifypassword" classname="com.oribo.android365.testcase.Personcenter">
    <skipped/>
  </testcase> <!-- modifypassword -->
  <testcase name="nickmaxeng" classname="com.oribo.android365.testcase.Personcenter">
    <skipped/>
  </testcase> <!-- nickmaxeng -->
  <testcase name="authorizationentrance" classname="com.oribo.android365.testcase.Personcenter">
    <skipped/>
  </testcase> <!-- authorizationentrance -->
  <testcase name="setphotobycamera" classname="com.oribo.android365.testcase.Personcenter">
    <skipped/>
  </testcase> <!-- setphotobycamera -->
</testsuite> <!-- com.oribo.android365.testcase.HomeManage -->
