<?xml version="1.0" encoding="UTF-8"?>
<!-- Generated by org.testng.reporters.JUnitReportReporter -->
<testsuite hostname="test" name="com.oribo.android365.automationtest.myHub.MyHub" tests="1" failures="0" timestamp="25 Oct 2016 08:00:49 GMT" time="20.210" errors="0">
  <testcase name="test" time="20.210" classname="com.oribo.android365.automationtest.myHub.MyHub"/>
</testsuite> <!-- com.oribo.android365.automationtest.myHub.MyHub -->
